<?xml version="1.0" encoding="UTF-8"?>
<!-- Generated by org.testng.reporters.JUnitReportReporter -->
<testsuite skipped="0" hostname="DESKTOP-U5K02UR" name="com.komoot.tests.LanguageTest" tests="2" failures="0" timestamp="23 May 2020 15:30:18 GMT" time="4.770" errors="0">
  <testcase name="changeLanguage" time="3.381" classname="com.komoot.tests.LanguageTest"/>
  <testcase name="changeLanguage" time="1.389" classname="com.komoot.tests.LanguageTest"/>
</testsuite> <!-- com.komoot.tests.LanguageTest -->
