<?xml version="1.0" encoding="UTF-8"?>
<!-- Generated by org.testng.reporters.JUnitReportReporter -->
<testsuite skipped="0" hostname="DESKTOP-U5K02UR" name="komoot.DemoTask" tests="1" failures="0" timestamp="22 May 2020 15:30:36 GMT" time="9.927" errors="0">
  <testcase name="test1" time="9.927" classname="komoot.DemoTask"/>
</testsuite> <!-- komoot.DemoTask -->
