<?xml version="1.0" encoding="UTF-8"?>
<!-- Generated by org.testng.reporters.JUnitReportReporter -->
<testsuite skipped="0" hostname="DESKTOP-U5K02UR" name="com.komoot.tests.DemoTask" tests="1" failures="0" timestamp="22 May 2020 15:42:01 GMT" time="8.641" errors="0">
  <testcase name="test1" time="8.641" classname="com.komoot.tests.DemoTask"/>
</testsuite> <!-- com.komoot.tests.DemoTask -->
