<?xml version="1.0" encoding="UTF-8"?>
<!-- Generated by org.testng.reporters.JUnitReportReporter -->
<testsuite skipped="0" hostname="DESKTOP-U5K02UR" name="com.komoot.tests.TestChangeLanguage" tests="1" failures="0" timestamp="22 May 2020 18:55:34 GMT" time="4.505" errors="0">
  <testcase name="changeLanguage" time="4.505" classname="com.komoot.tests.TestChangeLanguage"/>
</testsuite> <!-- com.komoot.tests.TestChangeLanguage -->
