<?xml version="1.0" encoding="UTF-8"?>
<!-- Generated by org.testng.reporters.JUnitReportReporter -->
<testsuite skipped="0" hostname="DESKTOP-U5K02UR" name="com.komoot.tests.LanguageTest" tests="2" failures="0" timestamp="23 May 2020 17:56:46 GMT" time="5.903" errors="0">
  <testcase name="changeLanguage" time="1.109" classname="com.komoot.tests.LanguageTest"/>
  <testcase name="changeLanguage" time="4.794" classname="com.komoot.tests.LanguageTest"/>
</testsuite> <!-- com.komoot.tests.LanguageTest -->
