<?xml version="1.0" encoding="UTF-8"?>
<!-- Generated by org.testng.reporters.JUnitReportReporter -->
<testsuite skipped="0" hostname="DESKTOP-U5K02UR" name="com.komoot.tests.LanguageTest" tests="6" failures="0" timestamp="24 May 2020 14:31:56 GMT" time="27.340" errors="0">
  <testcase name="changeLanguage" time="4.149" classname="com.komoot.tests.LanguageTest"/>
  <testcase name="changeLanguage" time="3.135" classname="com.komoot.tests.LanguageTest"/>
  <testcase name="changeLanguage" time="3.758" classname="com.komoot.tests.LanguageTest"/>
  <testcase name="changeLanguage" time="6.399" classname="com.komoot.tests.LanguageTest"/>
  <testcase name="changeLanguage" time="4.328" classname="com.komoot.tests.LanguageTest"/>
  <testcase name="changeLanguage" time="5.571" classname="com.komoot.tests.LanguageTest"/>
</testsuite> <!-- com.komoot.tests.LanguageTest -->
