<?xml version="1.0" encoding="UTF-8"?>
<!-- Generated by org.testng.reporters.JUnitReportReporter -->
<testsuite skipped="0" hostname="DESKTOP-U5K02UR" name="com.komoot.tests.LanguageTest" tests="6" failures="0" timestamp="24 May 2020 17:21:00 GMT" time="30.175" errors="0">
  <testcase name="changeLanguage" time="4.770" classname="com.komoot.tests.LanguageTest"/>
  <testcase name="changeLanguage" time="7.098" classname="com.komoot.tests.LanguageTest"/>
  <testcase name="changeLanguage" time="4.345" classname="com.komoot.tests.LanguageTest"/>
  <testcase name="changeLanguage" time="5.872" classname="com.komoot.tests.LanguageTest"/>
  <testcase name="changeLanguage" time="4.190" classname="com.komoot.tests.LanguageTest"/>
  <testcase name="changeLanguage" time="3.900" classname="com.komoot.tests.LanguageTest"/>
</testsuite> <!-- com.komoot.tests.LanguageTest -->
